{
  "c:\\Users\\Riku\\Civilized-Discussion-Forum\\frontend\\src\\services\\threadService.js": {
    "path": "c:\\Users\\Riku\\Civilized-Discussion-Forum\\frontend\\src\\services\\threadService.js",
    "statementMap": {
      "0": {
        "start": {
          "line": 1,
          "column": 14
        },
        "end": {
          "line": 1,
          "column": 30
        }
      },
      "1": {
        "start": {
          "line": 2,
          "column": 16
        },
        "end": {
          "line": 2,
          "column": 30
        }
      },
      "2": {
        "start": {
          "line": 4,
          "column": 22
        },
        "end": {
          "line": 7,
          "column": 1
        }
      },
      "3": {
        "start": {
          "line": 5,
          "column": 19
        },
        "end": {
          "line": 5,
          "column": 43
        }
      },
      "4": {
        "start": {
          "line": 6,
          "column": 2
        },
        "end": {
          "line": 6,
          "column": 22
        }
      },
      "5": {
        "start": {
          "line": 9,
          "column": 29
        },
        "end": {
          "line": 13,
          "column": 1
        }
      },
      "6": {
        "start": {
          "line": 10,
          "column": 19
        },
        "end": {
          "line": 10,
          "column": 60
        }
      },
      "7": {
        "start": {
          "line": 11,
          "column": 15
        },
        "end": {
          "line": 11,
          "column": 28
        }
      },
      "8": {
        "start": {
          "line": 12,
          "column": 2
        },
        "end": {
          "line": 12,
          "column": 13
        }
      },
      "9": {
        "start": {
          "line": 15,
          "column": 24
        },
        "end": {
          "line": 25,
          "column": 1
        }
      },
      "10": {
        "start": {
          "line": 16,
          "column": 15
        },
        "end": {
          "line": 21,
          "column": 3
        }
      },
      "11": {
        "start": {
          "line": 22,
          "column": 2
        },
        "end": {
          "line": 22,
          "column": 23
        }
      },
      "12": {
        "start": {
          "line": 24,
          "column": 2
        },
        "end": {
          "line": 24,
          "column": 57
        }
      },
      "13": {
        "start": {
          "line": 27,
          "column": 24
        },
        "end": {
          "line": 30,
          "column": 1
        }
      },
      "14": {
        "start": {
          "line": 28,
          "column": 19
        },
        "end": {
          "line": 28,
          "column": 66
        }
      },
      "15": {
        "start": {
          "line": 29,
          "column": 2
        },
        "end": {
          "line": 29,
          "column": 22
        }
      }
    },
    "fnMap": {
      "0": {
        "name": "(anonymous_0)",
        "decl": {
          "start": {
            "line": 4,
            "column": 22
          },
          "end": {
            "line": 4,
            "column": 23
          }
        },
        "loc": {
          "start": {
            "line": 4,
            "column": 34
          },
          "end": {
            "line": 7,
            "column": 1
          }
        },
        "line": 4
      },
      "1": {
        "name": "(anonymous_1)",
        "decl": {
          "start": {
            "line": 9,
            "column": 29
          },
          "end": {
            "line": 9,
            "column": 30
          }
        },
        "loc": {
          "start": {
            "line": 9,
            "column": 47
          },
          "end": {
            "line": 13,
            "column": 1
          }
        },
        "line": 9
      },
      "2": {
        "name": "(anonymous_2)",
        "decl": {
          "start": {
            "line": 15,
            "column": 24
          },
          "end": {
            "line": 15,
            "column": 25
          }
        },
        "loc": {
          "start": {
            "line": 15,
            "column": 75
          },
          "end": {
            "line": 25,
            "column": 1
          }
        },
        "line": 15
      },
      "3": {
        "name": "(anonymous_3)",
        "decl": {
          "start": {
            "line": 27,
            "column": 24
          },
          "end": {
            "line": 27,
            "column": 25
          }
        },
        "loc": {
          "start": {
            "line": 27,
            "column": 48
          },
          "end": {
            "line": 30,
            "column": 1
          }
        },
        "line": 27
      }
    },
    "branchMap": {},
    "s": {
      "0": 6,
      "1": 6,
      "2": 6,
      "3": 0,
      "4": 0,
      "5": 6,
      "6": 4,
      "7": 4,
      "8": 4,
      "9": 6,
      "10": 2,
      "11": 2,
      "12": 2,
      "13": 6,
      "14": 2,
      "15": 2
    },
    "f": {
      "0": 0,
      "1": 4,
      "2": 2,
      "3": 2
    },
    "b": {},
    "_coverageSchema": "43e27e138ebf9cfc5966b082cf9a028302ed4184",
    "hash": "dcba8a536d51924da024e2669f37d20874cfc58b"
  },
  "c:\\Users\\Riku\\Civilized-Discussion-Forum\\frontend\\src\\components\\containers\\FileUpload.js": {
    "path": "c:\\Users\\Riku\\Civilized-Discussion-Forum\\frontend\\src\\components\\containers\\FileUpload.js",
    "statementMap": {
      "0": {
        "start": {
          "line": 4,
          "column": 19
        },
        "end": {
          "line": 26,
          "column": 1
        }
      },
      "1": {
        "start": {
          "line": 6,
          "column": 23
        },
        "end": {
          "line": 19,
          "column": 3
        }
      },
      "2": {
        "start": {
          "line": 7,
          "column": 4
        },
        "end": {
          "line": 18,
          "column": 5
        }
      },
      "3": {
        "start": {
          "line": 15,
          "column": 8
        },
        "end": {
          "line": 15,
          "column": 20
        }
      },
      "4": {
        "start": {
          "line": 21,
          "column": 2
        },
        "end": {
          "line": 25,
          "column": 3
        }
      }
    },
    "fnMap": {
      "0": {
        "name": "(anonymous_0)",
        "decl": {
          "start": {
            "line": 4,
            "column": 19
          },
          "end": {
            "line": 4,
            "column": 20
          }
        },
        "loc": {
          "start": {
            "line": 4,
            "column": 36
          },
          "end": {
            "line": 26,
            "column": 1
          }
        },
        "line": 4
      },
      "1": {
        "name": "(anonymous_1)",
        "decl": {
          "start": {
            "line": 6,
            "column": 23
          },
          "end": {
            "line": 6,
            "column": 24
          }
        },
        "loc": {
          "start": {
            "line": 6,
            "column": 34
          },
          "end": {
            "line": 19,
            "column": 3
          }
        },
        "line": 6
      },
      "2": {
        "name": "(anonymous_2)",
        "decl": {
          "start": {
            "line": 14,
            "column": 6
          },
          "end": {
            "line": 14,
            "column": 7
          }
        },
        "loc": {
          "start": {
            "line": 14,
            "column": 13
          },
          "end": {
            "line": 16,
            "column": 7
          }
        },
        "line": 14
      }
    },
    "branchMap": {},
    "s": {
      "0": 6,
      "1": 200,
      "2": 0,
      "3": 0,
      "4": 200
    },
    "f": {
      "0": 200,
      "1": 0,
      "2": 0
    },
    "b": {},
    "_coverageSchema": "43e27e138ebf9cfc5966b082cf9a028302ed4184",
    "hash": "c9991bc06c826ad96cdf36cbe841519418dbe54d"
  },
  "c:\\Users\\Riku\\Civilized-Discussion-Forum\\frontend\\src\\components\\containers\\ContentTextArea.js": {
    "path": "c:\\Users\\Riku\\Civilized-Discussion-Forum\\frontend\\src\\components\\containers\\ContentTextArea.js",
    "statementMap": {
      "0": {
        "start": {
          "line": 4,
          "column": 24
        },
        "end": {
          "line": 10,
          "column": 1
        }
      },
      "1": {
        "start": {
          "line": 5,
          "column": 23
        },
        "end": {
          "line": 7,
          "column": 3
        }
      },
      "2": {
        "start": {
          "line": 6,
          "column": 4
        },
        "end": {
          "line": 6,
          "column": 34
        }
      },
      "3": {
        "start": {
          "line": 9,
          "column": 2
        },
        "end": {
          "line": 9,
          "column": 80
        }
      }
    },
    "fnMap": {
      "0": {
        "name": "(anonymous_0)",
        "decl": {
          "start": {
            "line": 4,
            "column": 24
          },
          "end": {
            "line": 4,
            "column": 25
          }
        },
        "loc": {
          "start": {
            "line": 4,
            "column": 53
          },
          "end": {
            "line": 10,
            "column": 1
          }
        },
        "line": 4
      },
      "1": {
        "name": "(anonymous_1)",
        "decl": {
          "start": {
            "line": 5,
            "column": 23
          },
          "end": {
            "line": 5,
            "column": 24
          }
        },
        "loc": {
          "start": {
            "line": 5,
            "column": 32
          },
          "end": {
            "line": 7,
            "column": 3
          }
        },
        "line": 5
      }
    },
    "branchMap": {},
    "s": {
      "0": 6,
      "1": 200,
      "2": 126,
      "3": 200
    },
    "f": {
      "0": 200,
      "1": 126
    },
    "b": {},
    "_coverageSchema": "43e27e138ebf9cfc5966b082cf9a028302ed4184",
    "hash": "04e3f7522c2621b7d0d29b20cf434bca762f5d83"
  },
  "c:\\Users\\Riku\\Civilized-Discussion-Forum\\frontend\\src\\components\\containers\\NewThreadForm.js": {
    "path": "c:\\Users\\Riku\\Civilized-Discussion-Forum\\frontend\\src\\components\\containers\\NewThreadForm.js",
    "statementMap": {
      "0": {
        "start": {
          "line": 8,
          "column": 22
        },
        "end": {
          "line": 65,
          "column": 1
        }
      },
      "1": {
        "start": {
          "line": 9,
          "column": 28
        },
        "end": {
          "line": 9,
          "column": 40
        }
      },
      "2": {
        "start": {
          "line": 10,
          "column": 26
        },
        "end": {
          "line": 10,
          "column": 38
        }
      },
      "3": {
        "start": {
          "line": 11,
          "column": 32
        },
        "end": {
          "line": 11,
          "column": 44
        }
      },
      "4": {
        "start": {
          "line": 12,
          "column": 23
        },
        "end": {
          "line": 12,
          "column": 34
        }
      },
      "5": {
        "start": {
          "line": 13,
          "column": 28
        },
        "end": {
          "line": 15,
          "column": 3
        }
      },
      "6": {
        "start": {
          "line": 14,
          "column": 4
        },
        "end": {
          "line": 14,
          "column": 32
        }
      },
      "7": {
        "start": {
          "line": 17,
          "column": 23
        },
        "end": {
          "line": 32,
          "column": 3
        }
      },
      "8": {
        "start": {
          "line": 18,
          "column": 4
        },
        "end": {
          "line": 31,
          "column": 5
        }
      },
      "9": {
        "start": {
          "line": 19,
          "column": 22
        },
        "end": {
          "line": 19,
          "column": 23
        }
      },
      "10": {
        "start": {
          "line": 20,
          "column": 24
        },
        "end": {
          "line": 26,
          "column": 7
        }
      },
      "11": {
        "start": {
          "line": 27,
          "column": 19
        },
        "end": {
          "line": 27,
          "column": 51
        }
      },
      "12": {
        "start": {
          "line": 28,
          "column": 6
        },
        "end": {
          "line": 28,
          "column": 22
        }
      },
      "13": {
        "start": {
          "line": 29,
          "column": 6
        },
        "end": {
          "line": 29,
          "column": 18
        }
      },
      "14": {
        "start": {
          "line": 30,
          "column": 6
        },
        "end": {
          "line": 30,
          "column": 20
        }
      },
      "15": {
        "start": {
          "line": 34,
          "column": 2
        },
        "end": {
          "line": 64,
          "column": 3
        }
      },
      "16": {
        "start": {
          "line": 39,
          "column": 10
        },
        "end": {
          "line": 39,
          "column": 28
        }
      }
    },
    "fnMap": {
      "0": {
        "name": "(anonymous_0)",
        "decl": {
          "start": {
            "line": 8,
            "column": 22
          },
          "end": {
            "line": 8,
            "column": 23
          }
        },
        "loc": {
          "start": {
            "line": 8,
            "column": 42
          },
          "end": {
            "line": 65,
            "column": 1
          }
        },
        "line": 8
      },
      "1": {
        "name": "(anonymous_1)",
        "decl": {
          "start": {
            "line": 13,
            "column": 28
          },
          "end": {
            "line": 13,
            "column": 29
          }
        },
        "loc": {
          "start": {
            "line": 13,
            "column": 37
          },
          "end": {
            "line": 15,
            "column": 3
          }
        },
        "line": 13
      },
      "2": {
        "name": "(anonymous_2)",
        "decl": {
          "start": {
            "line": 17,
            "column": 23
          },
          "end": {
            "line": 17,
            "column": 24
          }
        },
        "loc": {
          "start": {
            "line": 17,
            "column": 38
          },
          "end": {
            "line": 32,
            "column": 3
          }
        },
        "line": 17
      },
      "3": {
        "name": "(anonymous_3)",
        "decl": {
          "start": {
            "line": 38,
            "column": 18
          },
          "end": {
            "line": 38,
            "column": 19
          }
        },
        "loc": {
          "start": {
            "line": 38,
            "column": 23
          },
          "end": {
            "line": 40,
            "column": 9
          }
        },
        "line": 38
      }
    },
    "branchMap": {
      "0": {
        "loc": {
          "start": {
            "line": 18,
            "column": 4
          },
          "end": {
            "line": 31,
            "column": 5
          }
        },
        "type": "if",
        "locations": [
          {
            "start": {
              "line": 18,
              "column": 4
            },
            "end": {
              "line": 31,
              "column": 5
            }
          },
          {
            "start": {
              "line": 18,
              "column": 4
            },
            "end": {
              "line": 31,
              "column": 5
            }
          }
        ],
        "line": 18
      },
      "1": {
        "loc": {
          "start": {
            "line": 18,
            "column": 8
          },
          "end": {
            "line": 18,
            "column": 43
          }
        },
        "type": "binary-expr",
        "locations": [
          {
            "start": {
              "line": 18,
              "column": 8
            },
            "end": {
              "line": 18,
              "column": 21
            }
          },
          {
            "start": {
              "line": 18,
              "column": 25
            },
            "end": {
              "line": 18,
              "column": 43
            }
          }
        ],
        "line": 18
      }
    },
    "s": {
      "0": 6,
      "1": 132,
      "2": 132,
      "3": 132,
      "4": 132,
      "5": 132,
      "6": 54,
      "7": 132,
      "8": 2,
      "9": 2,
      "10": 2,
      "11": 2,
      "12": 2,
      "13": 2,
      "14": 2,
      "15": 132,
      "16": 2
    },
    "f": {
      "0": 132,
      "1": 54,
      "2": 2,
      "3": 2
    },
    "b": {
      "0": [
        2,
        0
      ],
      "1": [
        2,
        2
      ]
    },
    "_coverageSchema": "43e27e138ebf9cfc5966b082cf9a028302ed4184",
    "hash": "696a0bafeb30a0eddff15e57f9921da21a867006"
  },
  "c:\\Users\\Riku\\Civilized-Discussion-Forum\\frontend\\src\\components\\presentationals\\Post.js": {
    "path": "c:\\Users\\Riku\\Civilized-Discussion-Forum\\frontend\\src\\components\\presentationals\\Post.js",
    "statementMap": {
      "0": {
        "start": {
          "line": 3,
          "column": 13
        },
        "end": {
          "line": 17,
          "column": 1
        }
      },
      "1": {
        "start": {
          "line": 4,
          "column": 15
        },
        "end": {
          "line": 4,
          "column": 56
        }
      },
      "2": {
        "start": {
          "line": 6,
          "column": 2
        },
        "end": {
          "line": 16,
          "column": 3
        }
      }
    },
    "fnMap": {
      "0": {
        "name": "(anonymous_0)",
        "decl": {
          "start": {
            "line": 3,
            "column": 13
          },
          "end": {
            "line": 3,
            "column": 14
          }
        },
        "loc": {
          "start": {
            "line": 3,
            "column": 27
          },
          "end": {
            "line": 17,
            "column": 1
          }
        },
        "line": 3
      }
    },
    "branchMap": {},
    "s": {
      "0": 6,
      "1": 2,
      "2": 2
    },
    "f": {
      "0": 2
    },
    "b": {},
    "_coverageSchema": "43e27e138ebf9cfc5966b082cf9a028302ed4184",
    "hash": "c9aa2a44b4e9b4b46273369981aff9627a6398e9"
  },
  "c:\\Users\\Riku\\Civilized-Discussion-Forum\\frontend\\src\\components\\presentationals\\Thread.js": {
    "path": "c:\\Users\\Riku\\Civilized-Discussion-Forum\\frontend\\src\\components\\presentationals\\Thread.js",
    "statementMap": {
      "0": {
        "start": {
          "line": 5,
          "column": 15
        },
        "end": {
          "line": 34,
          "column": 1
        }
      },
      "1": {
        "start": {
          "line": 6,
          "column": 2
        },
        "end": {
          "line": 8,
          "column": 3
        }
      },
      "2": {
        "start": {
          "line": 7,
          "column": 4
        },
        "end": {
          "line": 7,
          "column": 32
        }
      },
      "3": {
        "start": {
          "line": 10,
          "column": 2
        },
        "end": {
          "line": 33,
          "column": 3
        }
      },
      "4": {
        "start": {
          "line": 29,
          "column": 10
        },
        "end": {
          "line": 29,
          "column": 44
        }
      }
    },
    "fnMap": {
      "0": {
        "name": "(anonymous_0)",
        "decl": {
          "start": {
            "line": 5,
            "column": 15
          },
          "end": {
            "line": 5,
            "column": 16
          }
        },
        "loc": {
          "start": {
            "line": 5,
            "column": 31
          },
          "end": {
            "line": 34,
            "column": 1
          }
        },
        "line": 5
      },
      "1": {
        "name": "(anonymous_1)",
        "decl": {
          "start": {
            "line": 28,
            "column": 26
          },
          "end": {
            "line": 28,
            "column": 27
          }
        },
        "loc": {
          "start": {
            "line": 29,
            "column": 10
          },
          "end": {
            "line": 29,
            "column": 44
          }
        },
        "line": 29
      }
    },
    "branchMap": {
      "0": {
        "loc": {
          "start": {
            "line": 6,
            "column": 2
          },
          "end": {
            "line": 8,
            "column": 3
          }
        },
        "type": "if",
        "locations": [
          {
            "start": {
              "line": 6,
              "column": 2
            },
            "end": {
              "line": 8,
              "column": 3
            }
          },
          {
            "start": {
              "line": 6,
              "column": 2
            },
            "end": {
              "line": 8,
              "column": 3
            }
          }
        ],
        "line": 6
      },
      "1": {
        "loc": {
          "start": {
            "line": 22,
            "column": 11
          },
          "end": {
            "line": 22,
            "column": 66
          }
        },
        "type": "binary-expr",
        "locations": [
          {
            "start": {
              "line": 22,
              "column": 11
            },
            "end": {
              "line": 22,
              "column": 26
            }
          },
          {
            "start": {
              "line": 22,
              "column": 30
            },
            "end": {
              "line": 22,
              "column": 66
            }
          }
        ],
        "line": 22
      }
    },
    "s": {
      "0": 6,
      "1": 12,
      "2": 0,
      "3": 12,
      "4": 2
    },
    "f": {
      "0": 12,
      "1": 2
    },
    "b": {
      "0": [
        0,
        12
      ],
      "1": [
        12,
        0
      ]
    },
    "_coverageSchema": "43e27e138ebf9cfc5966b082cf9a028302ed4184",
    "hash": "573d878f853a1de408d0e7ab6b81d36452df73e8"
  },
  "c:\\Users\\Riku\\Civilized-Discussion-Forum\\frontend\\src\\reducers\\threadReducer.js": {
    "path": "c:\\Users\\Riku\\Civilized-Discussion-Forum\\frontend\\src\\reducers\\threadReducer.js",
    "statementMap": {
      "0": {
        "start": {
          "line": 1,
          "column": 22
        },
        "end": {
          "line": 10,
          "column": 1
        }
      },
      "1": {
        "start": {
          "line": 2,
          "column": 2
        },
        "end": {
          "line": 9,
          "column": 3
        }
      },
      "2": {
        "start": {
          "line": 4,
          "column": 6
        },
        "end": {
          "line": 4,
          "column": 36
        }
      },
      "3": {
        "start": {
          "line": 6,
          "column": 6
        },
        "end": {
          "line": 6,
          "column": 24
        }
      },
      "4": {
        "start": {
          "line": 8,
          "column": 6
        },
        "end": {
          "line": 8,
          "column": 18
        }
      },
      "5": {
        "start": {
          "line": 12,
          "column": 28
        },
        "end": {
          "line": 17,
          "column": 1
        }
      },
      "6": {
        "start": {
          "line": 13,
          "column": 2
        },
        "end": {
          "line": 16,
          "column": 3
        }
      },
      "7": {
        "start": {
          "line": 19,
          "column": 25
        },
        "end": {
          "line": 24,
          "column": 1
        }
      },
      "8": {
        "start": {
          "line": 20,
          "column": 2
        },
        "end": {
          "line": 23,
          "column": 3
        }
      }
    },
    "fnMap": {
      "0": {
        "name": "(anonymous_0)",
        "decl": {
          "start": {
            "line": 1,
            "column": 22
          },
          "end": {
            "line": 1,
            "column": 23
          }
        },
        "loc": {
          "start": {
            "line": 1,
            "column": 46
          },
          "end": {
            "line": 10,
            "column": 1
          }
        },
        "line": 1
      },
      "1": {
        "name": "(anonymous_1)",
        "decl": {
          "start": {
            "line": 12,
            "column": 28
          },
          "end": {
            "line": 12,
            "column": 29
          }
        },
        "loc": {
          "start": {
            "line": 12,
            "column": 39
          },
          "end": {
            "line": 17,
            "column": 1
          }
        },
        "line": 12
      },
      "2": {
        "name": "(anonymous_2)",
        "decl": {
          "start": {
            "line": 19,
            "column": 25
          },
          "end": {
            "line": 19,
            "column": 26
          }
        },
        "loc": {
          "start": {
            "line": 19,
            "column": 35
          },
          "end": {
            "line": 24,
            "column": 1
          }
        },
        "line": 19
      }
    },
    "branchMap": {
      "0": {
        "loc": {
          "start": {
            "line": 1,
            "column": 23
          },
          "end": {
            "line": 1,
            "column": 33
          }
        },
        "type": "default-arg",
        "locations": [
          {
            "start": {
              "line": 1,
              "column": 31
            },
            "end": {
              "line": 1,
              "column": 33
            }
          }
        ],
        "line": 1
      },
      "1": {
        "loc": {
          "start": {
            "line": 2,
            "column": 2
          },
          "end": {
            "line": 9,
            "column": 3
          }
        },
        "type": "switch",
        "locations": [
          {
            "start": {
              "line": 3,
              "column": 4
            },
            "end": {
              "line": 4,
              "column": 36
            }
          },
          {
            "start": {
              "line": 5,
              "column": 4
            },
            "end": {
              "line": 6,
              "column": 24
            }
          },
          {
            "start": {
              "line": 7,
              "column": 4
            },
            "end": {
              "line": 8,
              "column": 18
            }
          }
        ],
        "line": 2
      }
    },
    "s": {
      "0": 6,
      "1": 24,
      "2": 2,
      "3": 4,
      "4": 18,
      "5": 6,
      "6": 4,
      "7": 6,
      "8": 2
    },
    "f": {
      "0": 24,
      "1": 4,
      "2": 2
    },
    "b": {
      "0": [
        18
      ],
      "1": [
        2,
        4,
        18
      ]
    },
    "_coverageSchema": "43e27e138ebf9cfc5966b082cf9a028302ed4184",
    "hash": "ff0216d7fc0a21c15ea53f6269ee080b4ff66163"
  },
  "c:\\Users\\Riku\\Civilized-Discussion-Forum\\frontend\\src\\components\\containers\\ThreadList.js": {
    "path": "c:\\Users\\Riku\\Civilized-Discussion-Forum\\frontend\\src\\components\\containers\\ThreadList.js",
    "statementMap": {
      "0": {
        "start": {
          "line": 11,
          "column": 19
        },
        "end": {
          "line": 39,
          "column": 1
        }
      },
      "1": {
        "start": {
          "line": 12,
          "column": 23
        },
        "end": {
          "line": 12,
          "column": 34
        }
      },
      "2": {
        "start": {
          "line": 13,
          "column": 21
        },
        "end": {
          "line": 13,
          "column": 39
        }
      },
      "3": {
        "start": {
          "line": 15,
          "column": 2
        },
        "end": {
          "line": 21,
          "column": 28
        }
      },
      "4": {
        "start": {
          "line": 16,
          "column": 25
        },
        "end": {
          "line": 19,
          "column": 5
        }
      },
      "5": {
        "start": {
          "line": 17,
          "column": 22
        },
        "end": {
          "line": 17,
          "column": 72
        }
      },
      "6": {
        "start": {
          "line": 18,
          "column": 6
        },
        "end": {
          "line": 18,
          "column": 25
        }
      },
      "7": {
        "start": {
          "line": 20,
          "column": 4
        },
        "end": {
          "line": 20,
          "column": 18
        }
      },
      "8": {
        "start": {
          "line": 23,
          "column": 21
        },
        "end": {
          "line": 25,
          "column": 3
        }
      },
      "9": {
        "start": {
          "line": 24,
          "column": 4
        },
        "end": {
          "line": 24,
          "column": 53
        }
      },
      "10": {
        "start": {
          "line": 27,
          "column": 2
        },
        "end": {
          "line": 38,
          "column": 3
        }
      },
      "11": {
        "start": {
          "line": 41,
          "column": 24
        },
        "end": {
          "line": 45,
          "column": 1
        }
      },
      "12": {
        "start": {
          "line": 42,
          "column": 2
        },
        "end": {
          "line": 44,
          "column": 3
        }
      },
      "13": {
        "start": {
          "line": 47,
          "column": 27
        },
        "end": {
          "line": 50,
          "column": 1
        }
      },
      "14": {
        "start": {
          "line": 52,
          "column": 28
        },
        "end": {
          "line": 55,
          "column": 13
        }
      }
    },
    "fnMap": {
      "0": {
        "name": "(anonymous_0)",
        "decl": {
          "start": {
            "line": 11,
            "column": 19
          },
          "end": {
            "line": 11,
            "column": 20
          }
        },
        "loc": {
          "start": {
            "line": 11,
            "column": 28
          },
          "end": {
            "line": 39,
            "column": 1
          }
        },
        "line": 11
      },
      "1": {
        "name": "(anonymous_1)",
        "decl": {
          "start": {
            "line": 15,
            "column": 12
          },
          "end": {
            "line": 15,
            "column": 13
          }
        },
        "loc": {
          "start": {
            "line": 15,
            "column": 18
          },
          "end": {
            "line": 21,
            "column": 3
          }
        },
        "line": 15
      },
      "2": {
        "name": "(anonymous_2)",
        "decl": {
          "start": {
            "line": 16,
            "column": 25
          },
          "end": {
            "line": 16,
            "column": 26
          }
        },
        "loc": {
          "start": {
            "line": 16,
            "column": 37
          },
          "end": {
            "line": 19,
            "column": 5
          }
        },
        "line": 16
      },
      "3": {
        "name": "(anonymous_3)",
        "decl": {
          "start": {
            "line": 23,
            "column": 21
          },
          "end": {
            "line": 23,
            "column": 22
          }
        },
        "loc": {
          "start": {
            "line": 23,
            "column": 31
          },
          "end": {
            "line": 25,
            "column": 3
          }
        },
        "line": 23
      },
      "4": {
        "name": "(anonymous_4)",
        "decl": {
          "start": {
            "line": 41,
            "column": 24
          },
          "end": {
            "line": 41,
            "column": 25
          }
        },
        "loc": {
          "start": {
            "line": 41,
            "column": 33
          },
          "end": {
            "line": 45,
            "column": 1
          }
        },
        "line": 41
      }
    },
    "branchMap": {},
    "s": {
      "0": 6,
      "1": 10,
      "2": 10,
      "3": 10,
      "4": 4,
      "5": 4,
      "6": 4,
      "7": 4,
      "8": 10,
      "9": 8,
      "10": 10,
      "11": 6,
      "12": 10,
      "13": 6,
      "14": 6
    },
    "f": {
      "0": 10,
      "1": 4,
      "2": 4,
      "3": 8,
      "4": 10
    },
    "b": {},
    "_coverageSchema": "43e27e138ebf9cfc5966b082cf9a028302ed4184",
    "hash": "32be2d6960f670bcd98913e13cd0c121b873831d"
  },
  "c:\\Users\\Riku\\Civilized-Discussion-Forum\\frontend\\src\\components\\presentationals\\CategoryList.js": {
    "path": "c:\\Users\\Riku\\Civilized-Discussion-Forum\\frontend\\src\\components\\presentationals\\CategoryList.js",
    "statementMap": {
      "0": {
        "start": {
          "line": 4,
          "column": 21
        },
        "end": {
          "line": 16,
          "column": 1
        }
      },
      "1": {
        "start": {
          "line": 5,
          "column": 2
        },
        "end": {
          "line": 15,
          "column": 3
        }
      },
      "2": {
        "start": {
          "line": 8,
          "column": 8
        },
        "end": {
          "line": 12,
          "column": 14
        }
      }
    },
    "fnMap": {
      "0": {
        "name": "(anonymous_0)",
        "decl": {
          "start": {
            "line": 4,
            "column": 21
          },
          "end": {
            "line": 4,
            "column": 22
          }
        },
        "loc": {
          "start": {
            "line": 4,
            "column": 35
          },
          "end": {
            "line": 16,
            "column": 1
          }
        },
        "line": 4
      },
      "1": {
        "name": "(anonymous_1)",
        "decl": {
          "start": {
            "line": 7,
            "column": 16
          },
          "end": {
            "line": 7,
            "column": 17
          }
        },
        "loc": {
          "start": {
            "line": 8,
            "column": 8
          },
          "end": {
            "line": 12,
            "column": 14
          }
        },
        "line": 8
      }
    },
    "branchMap": {},
    "s": {
      "0": 6,
      "1": 6,
      "2": 18
    },
    "f": {
      "0": 6,
      "1": 18
    },
    "b": {},
    "_coverageSchema": "43e27e138ebf9cfc5966b082cf9a028302ed4184",
    "hash": "d62a0d201f85bd680216b4f6d50ed0050f4803d9"
  },
  "c:\\Users\\Riku\\Civilized-Discussion-Forum\\frontend\\src\\services\\postService.js": {
    "path": "c:\\Users\\Riku\\Civilized-Discussion-Forum\\frontend\\src\\services\\postService.js",
    "statementMap": {
      "0": {
        "start": {
          "line": 1,
          "column": 14
        },
        "end": {
          "line": 1,
          "column": 30
        }
      },
      "1": {
        "start": {
          "line": 2,
          "column": 16
        },
        "end": {
          "line": 2,
          "column": 28
        }
      },
      "2": {
        "start": {
          "line": 5,
          "column": 22
        },
        "end": {
          "line": 14,
          "column": 1
        }
      },
      "3": {
        "start": {
          "line": 6,
          "column": 15
        },
        "end": {
          "line": 11,
          "column": 3
        }
      },
      "4": {
        "start": {
          "line": 12,
          "column": 19
        },
        "end": {
          "line": 12,
          "column": 55
        }
      },
      "5": {
        "start": {
          "line": 13,
          "column": 2
        },
        "end": {
          "line": 13,
          "column": 22
        }
      }
    },
    "fnMap": {
      "0": {
        "name": "(anonymous_0)",
        "decl": {
          "start": {
            "line": 5,
            "column": 22
          },
          "end": {
            "line": 5,
            "column": 23
          }
        },
        "loc": {
          "start": {
            "line": 5,
            "column": 66
          },
          "end": {
            "line": 14,
            "column": 1
          }
        },
        "line": 5
      }
    },
    "branchMap": {},
    "s": {
      "0": 6,
      "1": 6,
      "2": 6,
      "3": 2,
      "4": 2,
      "5": 2
    },
    "f": {
      "0": 2
    },
    "b": {},
    "_coverageSchema": "43e27e138ebf9cfc5966b082cf9a028302ed4184",
    "hash": "b1f64b29a873373f1f003ad63012679fcbd2fa46"
  },
  "c:\\Users\\Riku\\Civilized-Discussion-Forum\\frontend\\src\\components\\containers\\NewPostForm.js": {
    "path": "c:\\Users\\Riku\\Civilized-Discussion-Forum\\frontend\\src\\components\\containers\\NewPostForm.js",
    "statementMap": {
      "0": {
        "start": {
          "line": 6,
          "column": 20
        },
        "end": {
          "line": 40,
          "column": 1
        }
      },
      "1": {
        "start": {
          "line": 7,
          "column": 32
        },
        "end": {
          "line": 7,
          "column": 44
        }
      },
      "2": {
        "start": {
          "line": 8,
          "column": 26
        },
        "end": {
          "line": 8,
          "column": 38
        }
      },
      "3": {
        "start": {
          "line": 10,
          "column": 23
        },
        "end": {
          "line": 23,
          "column": 3
        }
      },
      "4": {
        "start": {
          "line": 11,
          "column": 4
        },
        "end": {
          "line": 22,
          "column": 5
        }
      },
      "5": {
        "start": {
          "line": 12,
          "column": 22
        },
        "end": {
          "line": 12,
          "column": 23
        }
      },
      "6": {
        "start": {
          "line": 13,
          "column": 22
        },
        "end": {
          "line": 18,
          "column": 7
        }
      },
      "7": {
        "start": {
          "line": 19,
          "column": 28
        },
        "end": {
          "line": 19,
          "column": 76
        }
      },
      "8": {
        "start": {
          "line": 20,
          "column": 6
        },
        "end": {
          "line": 20,
          "column": 30
        }
      },
      "9": {
        "start": {
          "line": 21,
          "column": 6
        },
        "end": {
          "line": 21,
          "column": 20
        }
      },
      "10": {
        "start": {
          "line": 25,
          "column": 2
        },
        "end": {
          "line": 39,
          "column": 3
        }
      },
      "11": {
        "start": {
          "line": 29,
          "column": 10
        },
        "end": {
          "line": 29,
          "column": 28
        }
      }
    },
    "fnMap": {
      "0": {
        "name": "(anonymous_0)",
        "decl": {
          "start": {
            "line": 6,
            "column": 20
          },
          "end": {
            "line": 6,
            "column": 21
          }
        },
        "loc": {
          "start": {
            "line": 6,
            "column": 47
          },
          "end": {
            "line": 40,
            "column": 1
          }
        },
        "line": 6
      },
      "1": {
        "name": "(anonymous_1)",
        "decl": {
          "start": {
            "line": 10,
            "column": 23
          },
          "end": {
            "line": 10,
            "column": 24
          }
        },
        "loc": {
          "start": {
            "line": 10,
            "column": 38
          },
          "end": {
            "line": 23,
            "column": 3
          }
        },
        "line": 10
      },
      "2": {
        "name": "(anonymous_2)",
        "decl": {
          "start": {
            "line": 28,
            "column": 18
          },
          "end": {
            "line": 28,
            "column": 19
          }
        },
        "loc": {
          "start": {
            "line": 28,
            "column": 23
          },
          "end": {
            "line": 30,
            "column": 9
          }
        },
        "line": 28
      }
    },
    "branchMap": {
      "0": {
        "loc": {
          "start": {
            "line": 11,
            "column": 4
          },
          "end": {
            "line": 22,
            "column": 5
          }
        },
        "type": "if",
        "locations": [
          {
            "start": {
              "line": 11,
              "column": 4
            },
            "end": {
              "line": 22,
              "column": 5
            }
          },
          {
            "start": {
              "line": 11,
              "column": 4
            },
            "end": {
              "line": 22,
              "column": 5
            }
          }
        ],
        "line": 11
      },
      "1": {
        "loc": {
          "start": {
            "line": 11,
            "column": 8
          },
          "end": {
            "line": 11,
            "column": 43
          }
        },
        "type": "binary-expr",
        "locations": [
          {
            "start": {
              "line": 11,
              "column": 8
            },
            "end": {
              "line": 11,
              "column": 21
            }
          },
          {
            "start": {
              "line": 11,
              "column": 25
            },
            "end": {
              "line": 11,
              "column": 43
            }
          }
        ],
        "line": 11
      }
    },
    "s": {
      "0": 6,
      "1": 68,
      "2": 68,
      "3": 68,
      "4": 2,
      "5": 2,
      "6": 2,
      "7": 2,
      "8": 2,
      "9": 2,
      "10": 68,
      "11": 2
    },
    "f": {
      "0": 68,
      "1": 2,
      "2": 2
    },
    "b": {
      "0": [
        2,
        0
      ],
      "1": [
        2,
        2
      ]
    },
    "_coverageSchema": "43e27e138ebf9cfc5966b082cf9a028302ed4184",
    "hash": "dba3a3ed96968049cb2d3a0ff879675277c8efa2"
  },
  "c:\\Users\\Riku\\Civilized-Discussion-Forum\\frontend\\src\\components\\presentationals\\SingleThread.js": {
    "path": "c:\\Users\\Riku\\Civilized-Discussion-Forum\\frontend\\src\\components\\presentationals\\SingleThread.js",
    "statementMap": {
      "0": {
        "start": {
          "line": 7,
          "column": 21
        },
        "end": {
          "line": 29,
          "column": 1
        }
      },
      "1": {
        "start": {
          "line": 8,
          "column": 30
        },
        "end": {
          "line": 8,
          "column": 40
        }
      },
      "2": {
        "start": {
          "line": 9,
          "column": 27
        },
        "end": {
          "line": 9,
          "column": 38
        }
      },
      "3": {
        "start": {
          "line": 11,
          "column": 2
        },
        "end": {
          "line": 17,
          "column": 8
        }
      },
      "4": {
        "start": {
          "line": 12,
          "column": 24
        },
        "end": {
          "line": 15,
          "column": 5
        }
      },
      "5": {
        "start": {
          "line": 13,
          "column": 19
        },
        "end": {
          "line": 13,
          "column": 68
        }
      },
      "6": {
        "start": {
          "line": 14,
          "column": 6
        },
        "end": {
          "line": 14,
          "column": 21
        }
      },
      "7": {
        "start": {
          "line": 16,
          "column": 4
        },
        "end": {
          "line": 16,
          "column": 17
        }
      },
      "8": {
        "start": {
          "line": 19,
          "column": 2
        },
        "end": {
          "line": 21,
          "column": 3
        }
      },
      "9": {
        "start": {
          "line": 20,
          "column": 4
        },
        "end": {
          "line": 20,
          "column": 29
        }
      },
      "10": {
        "start": {
          "line": 23,
          "column": 2
        },
        "end": {
          "line": 28,
          "column": 3
        }
      }
    },
    "fnMap": {
      "0": {
        "name": "(anonymous_0)",
        "decl": {
          "start": {
            "line": 7,
            "column": 21
          },
          "end": {
            "line": 7,
            "column": 22
          }
        },
        "loc": {
          "start": {
            "line": 7,
            "column": 27
          },
          "end": {
            "line": 29,
            "column": 1
          }
        },
        "line": 7
      },
      "1": {
        "name": "(anonymous_1)",
        "decl": {
          "start": {
            "line": 11,
            "column": 12
          },
          "end": {
            "line": 11,
            "column": 13
          }
        },
        "loc": {
          "start": {
            "line": 11,
            "column": 18
          },
          "end": {
            "line": 17,
            "column": 3
          }
        },
        "line": 11
      },
      "2": {
        "name": "(anonymous_2)",
        "decl": {
          "start": {
            "line": 12,
            "column": 24
          },
          "end": {
            "line": 12,
            "column": 25
          }
        },
        "loc": {
          "start": {
            "line": 12,
            "column": 36
          },
          "end": {
            "line": 15,
            "column": 5
          }
        },
        "line": 12
      }
    },
    "branchMap": {
      "0": {
        "loc": {
          "start": {
            "line": 19,
            "column": 2
          },
          "end": {
            "line": 21,
            "column": 3
          }
        },
        "type": "if",
        "locations": [
          {
            "start": {
              "line": 19,
              "column": 2
            },
            "end": {
              "line": 21,
              "column": 3
            }
          },
          {
            "start": {
              "line": 19,
              "column": 2
            },
            "end": {
              "line": 21,
              "column": 3
            }
          }
        ],
        "line": 19
      }
    },
    "s": {
      "0": 6,
      "1": 6,
      "2": 6,
      "3": 6,
      "4": 2,
      "5": 2,
      "6": 2,
      "7": 2,
      "8": 6,
      "9": 2,
      "10": 4
    },
    "f": {
      "0": 6,
      "1": 2,
      "2": 2
    },
    "b": {
      "0": [
        2,
        4
      ]
    },
    "_coverageSchema": "43e27e138ebf9cfc5966b082cf9a028302ed4184",
    "hash": "ee97f594230b7293afbb5837776adcad4bf06c11"
  },
  "c:\\Users\\Riku\\Civilized-Discussion-Forum\\frontend\\src\\components\\presentationals\\Header.js": {
    "path": "c:\\Users\\Riku\\Civilized-Discussion-Forum\\frontend\\src\\components\\presentationals\\Header.js",
    "statementMap": {
      "0": {
        "start": {
          "line": 3,
          "column": 15
        },
        "end": {
          "line": 9,
          "column": 1
        }
      },
      "1": {
        "start": {
          "line": 4,
          "column": 2
        },
        "end": {
          "line": 8,
          "column": 3
        }
      }
    },
    "fnMap": {
      "0": {
        "name": "(anonymous_0)",
        "decl": {
          "start": {
            "line": 3,
            "column": 15
          },
          "end": {
            "line": 3,
            "column": 16
          }
        },
        "loc": {
          "start": {
            "line": 3,
            "column": 21
          },
          "end": {
            "line": 9,
            "column": 1
          }
        },
        "line": 3
      }
    },
    "branchMap": {},
    "s": {
      "0": 6,
      "1": 6
    },
    "f": {
      "0": 6
    },
    "b": {},
    "_coverageSchema": "43e27e138ebf9cfc5966b082cf9a028302ed4184",
    "hash": "939e17bc347282f5484bdd10526759dc305e544e"
  },
  "c:\\Users\\Riku\\Civilized-Discussion-Forum\\frontend\\src\\components\\presentationals\\homeView.js": {
    "path": "c:\\Users\\Riku\\Civilized-Discussion-Forum\\frontend\\src\\components\\presentationals\\homeView.js",
    "statementMap": {
      "0": {
        "start": {
          "line": 3,
          "column": 17
        },
        "end": {
          "line": 10,
          "column": 1
        }
      },
      "1": {
        "start": {
          "line": 4,
          "column": 2
        },
        "end": {
          "line": 9,
          "column": 3
        }
      }
    },
    "fnMap": {
      "0": {
        "name": "(anonymous_0)",
        "decl": {
          "start": {
            "line": 3,
            "column": 17
          },
          "end": {
            "line": 3,
            "column": 18
          }
        },
        "loc": {
          "start": {
            "line": 3,
            "column": 23
          },
          "end": {
            "line": 10,
            "column": 1
          }
        },
        "line": 3
      }
    },
    "branchMap": {},
    "s": {
      "0": 6,
      "1": 6
    },
    "f": {
      "0": 6
    },
    "b": {},
    "_coverageSchema": "43e27e138ebf9cfc5966b082cf9a028302ed4184",
    "hash": "a3d716470ea2359393f9efb12fd66cce105d3604"
  },
  "c:\\Users\\Riku\\Civilized-Discussion-Forum\\frontend\\src\\App.js": {
    "path": "c:\\Users\\Riku\\Civilized-Discussion-Forum\\frontend\\src\\App.js",
    "statementMap": {
      "0": {
        "start": {
          "line": 10,
          "column": 25
        },
        "end": {
          "line": 10,
          "column": 60
        }
      },
      "1": {
        "start": {
          "line": 12,
          "column": 12
        },
        "end": {
          "line": 27,
          "column": 1
        }
      },
      "2": {
        "start": {
          "line": 13,
          "column": 2
        },
        "end": {
          "line": 26,
          "column": 3
        }
      }
    },
    "fnMap": {
      "0": {
        "name": "(anonymous_0)",
        "decl": {
          "start": {
            "line": 12,
            "column": 12
          },
          "end": {
            "line": 12,
            "column": 13
          }
        },
        "loc": {
          "start": {
            "line": 12,
            "column": 18
          },
          "end": {
            "line": 27,
            "column": 1
          }
        },
        "line": 12
      }
    },
    "branchMap": {},
    "s": {
      "0": 6,
      "1": 6,
      "2": 6
    },
    "f": {
      "0": 6
    },
    "b": {},
    "_coverageSchema": "43e27e138ebf9cfc5966b082cf9a028302ed4184",
    "hash": "4afe6c4dd74668359efe7b17a5dc7a382901ebbe"
  },
  "c:\\Users\\Riku\\Civilized-Discussion-Forum\\frontend\\src\\index.js": {
    "path": "c:\\Users\\Riku\\Civilized-Discussion-Forum\\frontend\\src\\index.js",
    "statementMap": {
      "0": {
        "start": {
          "line": 12,
          "column": 16
        },
        "end": {
          "line": 14,
          "column": 2
        }
      },
      "1": {
        "start": {
          "line": 16,
          "column": 14
        },
        "end": {
          "line": 16,
          "column": 34
        }
      },
      "2": {
        "start": {
          "line": 18,
          "column": 0
        },
        "end": {
          "line": 24,
          "column": 35
        }
      }
    },
    "fnMap": {},
    "branchMap": {},
    "s": {
      "0": 6,
      "1": 6,
      "2": 6
    },
    "f": {},
    "b": {},
    "_coverageSchema": "43e27e138ebf9cfc5966b082cf9a028302ed4184",
    "hash": "3ef5f848b4f56d9555eb4fb446bbc6d4cc059421"
  },
  "C:\\Users\\Riku\\Civilized-Discussion-Forum\\frontend\\src\\services\\threadService.js": {
    "path": "C:\\Users\\Riku\\Civilized-Discussion-Forum\\frontend\\src\\services\\threadService.js",
    "statementMap": {
      "0": {
        "start": {
          "line": 1,
          "column": 14
        },
        "end": {
          "line": 1,
          "column": 30
        }
      },
      "1": {
        "start": {
          "line": 2,
          "column": 16
        },
        "end": {
          "line": 2,
          "column": 30
        }
      },
      "2": {
        "start": {
          "line": 4,
          "column": 22
        },
        "end": {
          "line": 7,
          "column": 1
        }
      },
      "3": {
        "start": {
          "line": 5,
          "column": 19
        },
        "end": {
          "line": 5,
          "column": 43
        }
      },
      "4": {
        "start": {
          "line": 6,
          "column": 2
        },
        "end": {
          "line": 6,
          "column": 22
        }
      },
      "5": {
        "start": {
          "line": 9,
          "column": 29
        },
        "end": {
          "line": 13,
          "column": 1
        }
      },
      "6": {
        "start": {
          "line": 10,
          "column": 19
        },
        "end": {
          "line": 10,
          "column": 60
        }
      },
      "7": {
        "start": {
          "line": 11,
          "column": 15
        },
        "end": {
          "line": 11,
          "column": 28
        }
      },
      "8": {
        "start": {
          "line": 12,
          "column": 2
        },
        "end": {
          "line": 12,
          "column": 13
        }
      },
      "9": {
        "start": {
          "line": 15,
          "column": 24
        },
        "end": {
          "line": 25,
          "column": 1
        }
      },
      "10": {
        "start": {
          "line": 16,
          "column": 15
        },
        "end": {
          "line": 21,
          "column": 3
        }
      },
      "11": {
        "start": {
          "line": 22,
          "column": 2
        },
        "end": {
          "line": 22,
          "column": 23
        }
      },
      "12": {
        "start": {
          "line": 24,
          "column": 2
        },
        "end": {
          "line": 24,
          "column": 57
        }
      },
      "13": {
        "start": {
          "line": 27,
          "column": 24
        },
        "end": {
          "line": 30,
          "column": 1
        }
      },
      "14": {
        "start": {
          "line": 28,
          "column": 19
        },
        "end": {
          "line": 28,
          "column": 66
        }
      },
      "15": {
        "start": {
          "line": 29,
          "column": 2
        },
        "end": {
          "line": 29,
          "column": 22
        }
      }
    },
    "fnMap": {
      "0": {
        "name": "(anonymous_0)",
        "decl": {
          "start": {
            "line": 4,
            "column": 22
          },
          "end": {
            "line": 4,
            "column": 23
          }
        },
        "loc": {
          "start": {
            "line": 4,
            "column": 34
          },
          "end": {
            "line": 7,
            "column": 1
          }
        },
        "line": 4
      },
      "1": {
        "name": "(anonymous_1)",
        "decl": {
          "start": {
            "line": 9,
            "column": 29
          },
          "end": {
            "line": 9,
            "column": 30
          }
        },
        "loc": {
          "start": {
            "line": 9,
            "column": 47
          },
          "end": {
            "line": 13,
            "column": 1
          }
        },
        "line": 9
      },
      "2": {
        "name": "(anonymous_2)",
        "decl": {
          "start": {
            "line": 15,
            "column": 24
          },
          "end": {
            "line": 15,
            "column": 25
          }
        },
        "loc": {
          "start": {
            "line": 15,
            "column": 75
          },
          "end": {
            "line": 25,
            "column": 1
          }
        },
        "line": 15
      },
      "3": {
        "name": "(anonymous_3)",
        "decl": {
          "start": {
            "line": 27,
            "column": 24
          },
          "end": {
            "line": 27,
            "column": 25
          }
        },
        "loc": {
          "start": {
            "line": 27,
            "column": 48
          },
          "end": {
            "line": 30,
            "column": 1
          }
        },
        "line": 27
      }
    },
    "branchMap": {},
    "s": {
      "0": 15,
      "1": 15,
      "2": 15,
      "3": 0,
      "4": 0,
      "5": 15,
      "6": 10,
      "7": 10,
      "8": 10,
      "9": 15,
      "10": 5,
      "11": 5,
      "12": 5,
      "13": 15,
      "14": 5,
      "15": 5
    },
    "f": {
      "0": 0,
      "1": 10,
      "2": 5,
      "3": 5
    },
    "b": {},
    "_coverageSchema": "43e27e138ebf9cfc5966b082cf9a028302ed4184",
    "hash": "01ab41f6357271340295e69507f710b97f795461"
  },
  "C:\\Users\\Riku\\Civilized-Discussion-Forum\\frontend\\src\\components\\containers\\FileUpload.js": {
    "path": "C:\\Users\\Riku\\Civilized-Discussion-Forum\\frontend\\src\\components\\containers\\FileUpload.js",
    "statementMap": {
      "0": {
        "start": {
          "line": 4,
          "column": 19
        },
        "end": {
          "line": 26,
          "column": 1
        }
      },
      "1": {
        "start": {
          "line": 6,
          "column": 23
        },
        "end": {
          "line": 19,
          "column": 3
        }
      },
      "2": {
        "start": {
          "line": 7,
          "column": 4
        },
        "end": {
          "line": 18,
          "column": 5
        }
      },
      "3": {
        "start": {
          "line": 15,
          "column": 8
        },
        "end": {
          "line": 15,
          "column": 20
        }
      },
      "4": {
        "start": {
          "line": 21,
          "column": 2
        },
        "end": {
          "line": 25,
          "column": 3
        }
      }
    },
    "fnMap": {
      "0": {
        "name": "(anonymous_0)",
        "decl": {
          "start": {
            "line": 4,
            "column": 19
          },
          "end": {
            "line": 4,
            "column": 20
          }
        },
        "loc": {
          "start": {
            "line": 4,
            "column": 36
          },
          "end": {
            "line": 26,
            "column": 1
          }
        },
        "line": 4
      },
      "1": {
        "name": "(anonymous_1)",
        "decl": {
          "start": {
            "line": 6,
            "column": 23
          },
          "end": {
            "line": 6,
            "column": 24
          }
        },
        "loc": {
          "start": {
            "line": 6,
            "column": 34
          },
          "end": {
            "line": 19,
            "column": 3
          }
        },
        "line": 6
      },
      "2": {
        "name": "(anonymous_2)",
        "decl": {
          "start": {
            "line": 14,
            "column": 6
          },
          "end": {
            "line": 14,
            "column": 7
          }
        },
        "loc": {
          "start": {
            "line": 14,
            "column": 13
          },
          "end": {
            "line": 16,
            "column": 7
          }
        },
        "line": 14
      }
    },
    "branchMap": {},
    "s": {
      "0": 15,
      "1": 498,
      "2": 0,
      "3": 0,
      "4": 498
    },
    "f": {
      "0": 498,
      "1": 0,
      "2": 0
    },
    "b": {},
    "_coverageSchema": "43e27e138ebf9cfc5966b082cf9a028302ed4184",
    "hash": "618e777669f5207c4b2895779144ed403a2c73af"
  },
  "C:\\Users\\Riku\\Civilized-Discussion-Forum\\frontend\\src\\components\\containers\\ContentTextArea.js": {
    "path": "C:\\Users\\Riku\\Civilized-Discussion-Forum\\frontend\\src\\components\\containers\\ContentTextArea.js",
    "statementMap": {
      "0": {
        "start": {
          "line": 4,
          "column": 24
        },
        "end": {
          "line": 10,
          "column": 1
        }
      },
      "1": {
        "start": {
          "line": 5,
          "column": 23
        },
        "end": {
          "line": 7,
          "column": 3
        }
      },
      "2": {
        "start": {
          "line": 6,
          "column": 4
        },
        "end": {
          "line": 6,
          "column": 34
        }
      },
      "3": {
        "start": {
          "line": 9,
          "column": 2
        },
        "end": {
          "line": 9,
          "column": 80
        }
      }
    },
    "fnMap": {
      "0": {
        "name": "(anonymous_0)",
        "decl": {
          "start": {
            "line": 4,
            "column": 24
          },
          "end": {
            "line": 4,
            "column": 25
          }
        },
        "loc": {
          "start": {
            "line": 4,
            "column": 53
          },
          "end": {
            "line": 10,
            "column": 1
          }
        },
        "line": 4
      },
      "1": {
        "name": "(anonymous_1)",
        "decl": {
          "start": {
            "line": 5,
            "column": 23
          },
          "end": {
            "line": 5,
            "column": 24
          }
        },
        "loc": {
          "start": {
            "line": 5,
            "column": 32
          },
          "end": {
            "line": 7,
            "column": 3
          }
        },
        "line": 5
      }
    },
    "branchMap": {},
    "s": {
      "0": 15,
      "1": 498,
      "2": 315,
      "3": 498
    },
    "f": {
      "0": 498,
      "1": 315
    },
    "b": {},
    "_coverageSchema": "43e27e138ebf9cfc5966b082cf9a028302ed4184",
    "hash": "37d8bf3ded4b5e520a11b335214ea31e5f6317e3"
  },
  "C:\\Users\\Riku\\Civilized-Discussion-Forum\\frontend\\src\\components\\containers\\NewThreadForm.js": {
    "path": "C:\\Users\\Riku\\Civilized-Discussion-Forum\\frontend\\src\\components\\containers\\NewThreadForm.js",
    "statementMap": {
      "0": {
        "start": {
          "line": 8,
          "column": 22
        },
        "end": {
          "line": 65,
          "column": 1
        }
      },
      "1": {
        "start": {
          "line": 9,
          "column": 28
        },
        "end": {
          "line": 9,
          "column": 40
        }
      },
      "2": {
        "start": {
          "line": 10,
          "column": 26
        },
        "end": {
          "line": 10,
          "column": 38
        }
      },
      "3": {
        "start": {
          "line": 11,
          "column": 32
        },
        "end": {
          "line": 11,
          "column": 44
        }
      },
      "4": {
        "start": {
          "line": 12,
          "column": 23
        },
        "end": {
          "line": 12,
          "column": 34
        }
      },
      "5": {
        "start": {
          "line": 13,
          "column": 28
        },
        "end": {
          "line": 15,
          "column": 3
        }
      },
      "6": {
        "start": {
          "line": 14,
          "column": 4
        },
        "end": {
          "line": 14,
          "column": 32
        }
      },
      "7": {
        "start": {
          "line": 17,
          "column": 23
        },
        "end": {
          "line": 32,
          "column": 3
        }
      },
      "8": {
        "start": {
          "line": 18,
          "column": 4
        },
        "end": {
          "line": 31,
          "column": 5
        }
      },
      "9": {
        "start": {
          "line": 19,
          "column": 22
        },
        "end": {
          "line": 19,
          "column": 23
        }
      },
      "10": {
        "start": {
          "line": 20,
          "column": 24
        },
        "end": {
          "line": 26,
          "column": 7
        }
      },
      "11": {
        "start": {
          "line": 27,
          "column": 19
        },
        "end": {
          "line": 27,
          "column": 51
        }
      },
      "12": {
        "start": {
          "line": 28,
          "column": 6
        },
        "end": {
          "line": 28,
          "column": 22
        }
      },
      "13": {
        "start": {
          "line": 29,
          "column": 6
        },
        "end": {
          "line": 29,
          "column": 18
        }
      },
      "14": {
        "start": {
          "line": 30,
          "column": 6
        },
        "end": {
          "line": 30,
          "column": 20
        }
      },
      "15": {
        "start": {
          "line": 34,
          "column": 2
        },
        "end": {
          "line": 64,
          "column": 3
        }
      },
      "16": {
        "start": {
          "line": 39,
          "column": 10
        },
        "end": {
          "line": 39,
          "column": 28
        }
      }
    },
    "fnMap": {
      "0": {
        "name": "(anonymous_0)",
        "decl": {
          "start": {
            "line": 8,
            "column": 22
          },
          "end": {
            "line": 8,
            "column": 23
          }
        },
        "loc": {
          "start": {
            "line": 8,
            "column": 42
          },
          "end": {
            "line": 65,
            "column": 1
          }
        },
        "line": 8
      },
      "1": {
        "name": "(anonymous_1)",
        "decl": {
          "start": {
            "line": 13,
            "column": 28
          },
          "end": {
            "line": 13,
            "column": 29
          }
        },
        "loc": {
          "start": {
            "line": 13,
            "column": 37
          },
          "end": {
            "line": 15,
            "column": 3
          }
        },
        "line": 13
      },
      "2": {
        "name": "(anonymous_2)",
        "decl": {
          "start": {
            "line": 17,
            "column": 23
          },
          "end": {
            "line": 17,
            "column": 24
          }
        },
        "loc": {
          "start": {
            "line": 17,
            "column": 38
          },
          "end": {
            "line": 32,
            "column": 3
          }
        },
        "line": 17
      },
      "3": {
        "name": "(anonymous_3)",
        "decl": {
          "start": {
            "line": 38,
            "column": 18
          },
          "end": {
            "line": 38,
            "column": 19
          }
        },
        "loc": {
          "start": {
            "line": 38,
            "column": 23
          },
          "end": {
            "line": 40,
            "column": 9
          }
        },
        "line": 38
      }
    },
    "branchMap": {
      "0": {
        "loc": {
          "start": {
            "line": 18,
            "column": 4
          },
          "end": {
            "line": 31,
            "column": 5
          }
        },
        "type": "if",
        "locations": [
          {
            "start": {
              "line": 18,
              "column": 4
            },
            "end": {
              "line": 31,
              "column": 5
            }
          },
          {
            "start": {
              "line": 18,
              "column": 4
            },
            "end": {
              "line": 31,
              "column": 5
            }
          }
        ],
        "line": 18
      },
      "1": {
        "loc": {
          "start": {
            "line": 18,
            "column": 8
          },
          "end": {
            "line": 18,
            "column": 43
          }
        },
        "type": "binary-expr",
        "locations": [
          {
            "start": {
              "line": 18,
              "column": 8
            },
            "end": {
              "line": 18,
              "column": 21
            }
          },
          {
            "start": {
              "line": 18,
              "column": 25
            },
            "end": {
              "line": 18,
              "column": 43
            }
          }
        ],
        "line": 18
      }
    },
    "s": {
      "0": 15,
      "1": 330,
      "2": 330,
      "3": 330,
      "4": 330,
      "5": 330,
      "6": 135,
      "7": 330,
      "8": 5,
      "9": 5,
      "10": 5,
      "11": 5,
      "12": 5,
      "13": 5,
      "14": 5,
      "15": 330,
      "16": 5
    },
    "f": {
      "0": 330,
      "1": 135,
      "2": 5,
      "3": 5
    },
    "b": {
      "0": [
        5,
        0
      ],
      "1": [
        5,
        5
      ]
    },
    "_coverageSchema": "43e27e138ebf9cfc5966b082cf9a028302ed4184",
    "hash": "2409aeb8abaf25932dc44201f83bdaad5b145409"
  },
  "C:\\Users\\Riku\\Civilized-Discussion-Forum\\frontend\\src\\components\\presentationals\\Post.js": {
    "path": "C:\\Users\\Riku\\Civilized-Discussion-Forum\\frontend\\src\\components\\presentationals\\Post.js",
    "statementMap": {
      "0": {
        "start": {
          "line": 3,
          "column": 13
        },
        "end": {
          "line": 17,
          "column": 1
        }
      },
      "1": {
        "start": {
          "line": 4,
          "column": 15
        },
        "end": {
          "line": 4,
          "column": 56
        }
      },
      "2": {
        "start": {
          "line": 6,
          "column": 2
        },
        "end": {
          "line": 16,
          "column": 3
        }
      }
    },
    "fnMap": {
      "0": {
        "name": "(anonymous_0)",
        "decl": {
          "start": {
            "line": 3,
            "column": 13
          },
          "end": {
            "line": 3,
            "column": 14
          }
        },
        "loc": {
          "start": {
            "line": 3,
            "column": 27
          },
          "end": {
            "line": 17,
            "column": 1
          }
        },
        "line": 3
      }
    },
    "branchMap": {},
    "s": {
      "0": 15,
      "1": 4,
      "2": 4
    },
    "f": {
      "0": 4
    },
    "b": {},
    "_coverageSchema": "43e27e138ebf9cfc5966b082cf9a028302ed4184",
    "hash": "e6f713c3d9cc1108f4a39abf84105166130de208"
  },
  "C:\\Users\\Riku\\Civilized-Discussion-Forum\\frontend\\src\\components\\presentationals\\Thread.js": {
    "path": "C:\\Users\\Riku\\Civilized-Discussion-Forum\\frontend\\src\\components\\presentationals\\Thread.js",
    "statementMap": {
      "0": {
        "start": {
          "line": 5,
          "column": 15
        },
        "end": {
          "line": 34,
          "column": 1
        }
      },
      "1": {
        "start": {
          "line": 6,
          "column": 2
        },
        "end": {
          "line": 8,
          "column": 3
        }
      },
      "2": {
        "start": {
          "line": 7,
          "column": 4
        },
        "end": {
          "line": 7,
          "column": 32
        }
      },
      "3": {
        "start": {
          "line": 10,
          "column": 2
        },
        "end": {
          "line": 33,
          "column": 3
        }
      },
      "4": {
        "start": {
          "line": 29,
          "column": 10
        },
        "end": {
          "line": 29,
          "column": 44
        }
      }
    },
    "fnMap": {
      "0": {
        "name": "(anonymous_0)",
        "decl": {
          "start": {
            "line": 5,
            "column": 15
          },
          "end": {
            "line": 5,
            "column": 16
          }
        },
        "loc": {
          "start": {
            "line": 5,
            "column": 31
          },
          "end": {
            "line": 34,
            "column": 1
          }
        },
        "line": 5
      },
      "1": {
        "name": "(anonymous_1)",
        "decl": {
          "start": {
            "line": 28,
            "column": 26
          },
          "end": {
            "line": 28,
            "column": 27
          }
        },
        "loc": {
          "start": {
            "line": 29,
            "column": 10
          },
          "end": {
            "line": 29,
            "column": 44
          }
        },
        "line": 29
      }
    },
    "branchMap": {
      "0": {
        "loc": {
          "start": {
            "line": 6,
            "column": 2
          },
          "end": {
            "line": 8,
            "column": 3
          }
        },
        "type": "if",
        "locations": [
          {
            "start": {
              "line": 6,
              "column": 2
            },
            "end": {
              "line": 8,
              "column": 3
            }
          },
          {
            "start": {
              "line": 6,
              "column": 2
            },
            "end": {
              "line": 8,
              "column": 3
            }
          }
        ],
        "line": 6
      },
      "1": {
        "loc": {
          "start": {
            "line": 22,
            "column": 11
          },
          "end": {
            "line": 22,
            "column": 66
          }
        },
        "type": "binary-expr",
        "locations": [
          {
            "start": {
              "line": 22,
              "column": 11
            },
            "end": {
              "line": 22,
              "column": 26
            }
          },
          {
            "start": {
              "line": 22,
              "column": 30
            },
            "end": {
              "line": 22,
              "column": 66
            }
          }
        ],
        "line": 22
      }
    },
    "s": {
      "0": 15,
      "1": 29,
      "2": 0,
      "3": 29,
      "4": 4
    },
    "f": {
      "0": 29,
      "1": 4
    },
    "b": {
      "0": [
        0,
        29
      ],
      "1": [
        29,
        0
      ]
    },
    "_coverageSchema": "43e27e138ebf9cfc5966b082cf9a028302ed4184",
    "hash": "a25361d5e0ca4d7e63547fe6405884687a029ee4"
  },
  "C:\\Users\\Riku\\Civilized-Discussion-Forum\\frontend\\src\\reducers\\threadReducer.js": {
    "path": "C:\\Users\\Riku\\Civilized-Discussion-Forum\\frontend\\src\\reducers\\threadReducer.js",
    "statementMap": {
      "0": {
        "start": {
          "line": 1,
          "column": 22
        },
        "end": {
          "line": 10,
          "column": 1
        }
      },
      "1": {
        "start": {
          "line": 2,
          "column": 2
        },
        "end": {
          "line": 9,
          "column": 3
        }
      },
      "2": {
        "start": {
          "line": 4,
          "column": 6
        },
        "end": {
          "line": 4,
          "column": 36
        }
      },
      "3": {
        "start": {
          "line": 6,
          "column": 6
        },
        "end": {
          "line": 6,
          "column": 24
        }
      },
      "4": {
        "start": {
          "line": 8,
          "column": 6
        },
        "end": {
          "line": 8,
          "column": 18
        }
      },
      "5": {
        "start": {
          "line": 12,
          "column": 28
        },
        "end": {
          "line": 17,
          "column": 1
        }
      },
      "6": {
        "start": {
          "line": 13,
          "column": 2
        },
        "end": {
          "line": 16,
          "column": 3
        }
      },
      "7": {
        "start": {
          "line": 19,
          "column": 25
        },
        "end": {
          "line": 24,
          "column": 1
        }
      },
      "8": {
        "start": {
          "line": 20,
          "column": 2
        },
        "end": {
          "line": 23,
          "column": 3
        }
      }
    },
    "fnMap": {
      "0": {
        "name": "(anonymous_0)",
        "decl": {
          "start": {
            "line": 1,
            "column": 22
          },
          "end": {
            "line": 1,
            "column": 23
          }
        },
        "loc": {
          "start": {
            "line": 1,
            "column": 46
          },
          "end": {
            "line": 10,
            "column": 1
          }
        },
        "line": 1
      },
      "1": {
        "name": "(anonymous_1)",
        "decl": {
          "start": {
            "line": 12,
            "column": 28
          },
          "end": {
            "line": 12,
            "column": 29
          }
        },
        "loc": {
          "start": {
            "line": 12,
            "column": 39
          },
          "end": {
            "line": 17,
            "column": 1
          }
        },
        "line": 12
      },
      "2": {
        "name": "(anonymous_2)",
        "decl": {
          "start": {
            "line": 19,
            "column": 25
          },
          "end": {
            "line": 19,
            "column": 26
          }
        },
        "loc": {
          "start": {
            "line": 19,
            "column": 35
          },
          "end": {
            "line": 24,
            "column": 1
          }
        },
        "line": 19
      }
    },
    "branchMap": {
      "0": {
        "loc": {
          "start": {
            "line": 1,
            "column": 23
          },
          "end": {
            "line": 1,
            "column": 33
          }
        },
        "type": "default-arg",
        "locations": [
          {
            "start": {
              "line": 1,
              "column": 31
            },
            "end": {
              "line": 1,
              "column": 33
            }
          }
        ],
        "line": 1
      },
      "1": {
        "loc": {
          "start": {
            "line": 2,
            "column": 2
          },
          "end": {
            "line": 9,
            "column": 3
          }
        },
        "type": "switch",
        "locations": [
          {
            "start": {
              "line": 3,
              "column": 4
            },
            "end": {
              "line": 4,
              "column": 36
            }
          },
          {
            "start": {
              "line": 5,
              "column": 4
            },
            "end": {
              "line": 6,
              "column": 24
            }
          },
          {
            "start": {
              "line": 7,
              "column": 4
            },
            "end": {
              "line": 8,
              "column": 18
            }
          }
        ],
        "line": 2
      }
    },
    "s": {
      "0": 15,
      "1": 60,
      "2": 5,
      "3": 10,
      "4": 45,
      "5": 15,
      "6": 10,
      "7": 15,
      "8": 5
    },
    "f": {
      "0": 60,
      "1": 10,
      "2": 5
    },
    "b": {
      "0": [
        45
      ],
      "1": [
        5,
        10,
        45
      ]
    },
    "_coverageSchema": "43e27e138ebf9cfc5966b082cf9a028302ed4184",
    "hash": "c3e823913ddaf356137a691588f29606e86cc7e9"
  },
  "C:\\Users\\Riku\\Civilized-Discussion-Forum\\frontend\\src\\components\\containers\\ThreadList.js": {
    "path": "C:\\Users\\Riku\\Civilized-Discussion-Forum\\frontend\\src\\components\\containers\\ThreadList.js",
    "statementMap": {
      "0": {
        "start": {
          "line": 11,
          "column": 19
        },
        "end": {
          "line": 39,
          "column": 1
        }
      },
      "1": {
        "start": {
          "line": 12,
          "column": 23
        },
        "end": {
          "line": 12,
          "column": 34
        }
      },
      "2": {
        "start": {
          "line": 13,
          "column": 21
        },
        "end": {
          "line": 13,
          "column": 39
        }
      },
[...]
        "decl": {
          "start": {
            "line": 41,
            "column": 24
          },
          "end": {
            "line": 41,
            "column": 25
          }
        },
        "loc": {
          "start": {
            "line": 41,
            "column": 33
          },
          "end": {
            "line": 45,
            "column": 1
          }
        },
        "line": 41
      }
    },
    "branchMap": {},
    "s": {
      "0": 15,
      "1": 25,
      "2": 25,
      "3": 25,
      "4": 10,
      "5": 10,
      "6": 10,
      "7": 10,
      "8": 25,
      "9": 20,
      "10": 25,
      "11": 15,
      "12": 25,
      "13": 15,
      "14": 15
    },
    "f": {
      "0": 25,
      "1": 10,
      "2": 10,
      "3": 20,
      "4": 25
    },
    "b": {},
    "_coverageSchema": "43e27e138ebf9cfc5966b082cf9a028302ed4184",
    "hash": "cad324f5d9582b541dc8120f608551436e2e1e84"
  },
  "C:\\Users\\Riku\\Civilized-Discussion-Forum\\frontend\\src\\components\\presentationals\\CategoryList.js": {
    "path": "C:\\Users\\Riku\\Civilized-Discussion-Forum\\frontend\\src\\components\\presentationals\\CategoryList.js",
    "statementMap": {
      "0": {
        "start": {
          "line": 4,
          "column": 21
        },
        "end": {
          "line": 16,
          "column": 1
        }
      },
      "1": {
        "start": {
          "line": 5,
          "column": 2
        },
        "end": {
          "line": 15,
          "column": 3
        }
      },
      "2": {
        "start": {
          "line": 8,
          "column": 8
        },
        "end": {
          "line": 12,
          "column": 14
        }
      }
    },
    "fnMap": {
      "0": {
        "name": "(anonymous_0)",
        "decl": {
          "start": {
            "line": 4,
            "column": 21
          },
          "end": {
            "line": 4,
            "column": 22
          }
        },
        "loc": {
          "start": {
            "line": 4,
            "column": 35
          },
          "end": {
            "line": 16,
            "column": 1
          }
        },
        "line": 4
      },
      "1": {
        "name": "(anonymous_1)",
        "decl": {
          "start": {
            "line": 7,
            "column": 16
          },
          "end": {
            "line": 7,
            "column": 17
          }
        },
        "loc": {
          "start": {
            "line": 8,
            "column": 8
          },
          "end": {
            "line": 12,
            "column": 14
          }
        },
        "line": 8
      }
    },
    "branchMap": {},
    "s": {
      "0": 15,
      "1": 15,
      "2": 45
    },
    "f": {
      "0": 15,
      "1": 45
    },
    "b": {},
    "_coverageSchema": "43e27e138ebf9cfc5966b082cf9a028302ed4184",
    "hash": "3fd375aabf8dd545cd021c05b7d2ad91b8ab7a42"
  },
  "C:\\Users\\Riku\\Civilized-Discussion-Forum\\frontend\\src\\services\\postService.js": {
    "path": "C:\\Users\\Riku\\Civilized-Discussion-Forum\\frontend\\src\\services\\postService.js",
    "statementMap": {
      "0": {
        "start": {
          "line": 1,
          "column": 14
        },
        "end": {
          "line": 1,
          "column": 30
        }
      },
      "1": {
        "start": {
          "line": 2,
          "column": 16
        },
        "end": {
          "line": 2,
          "column": 28
        }
      },
      "2": {
        "start": {
          "line": 5,
          "column": 22
        },
        "end": {
          "line": 14,
          "column": 1
        }
      },
      "3": {
        "start": {
          "line": 6,
          "column": 15
        },
        "end": {
          "line": 11,
          "column": 3
        }
      },
      "4": {
        "start": {
          "line": 12,
          "column": 19
        },
        "end": {
          "line": 12,
          "column": 55
        }
      },
      "5": {
        "start": {
          "line": 13,
          "column": 2
        },
        "end": {
          "line": 13,
          "column": 22
        }
      }
    },
    "fnMap": {
      "0": {
        "name": "(anonymous_0)",
        "decl": {
          "start": {
            "line": 5,
            "column": 22
          },
          "end": {
            "line": 5,
            "column": 23
          }
        },
        "loc": {
          "start": {
            "line": 5,
            "column": 66
          },
          "end": {
            "line": 14,
            "column": 1
          }
        },
        "line": 5
      }
    },
    "branchMap": {},
    "s": {
      "0": 15,
      "1": 15,
      "2": 15,
      "3": 5,
      "4": 5,
      "5": 4
    },
    "f": {
      "0": 5
    },
    "b": {},
    "_coverageSchema": "43e27e138ebf9cfc5966b082cf9a028302ed4184",
    "hash": "a0f8b89a591c64e7f5eed3c9ab570cea0a148202"
  },
  "C:\\Users\\Riku\\Civilized-Discussion-Forum\\frontend\\src\\components\\containers\\NewPostForm.js": {
    "path": "C:\\Users\\Riku\\Civilized-Discussion-Forum\\frontend\\src\\components\\containers\\NewPostForm.js",
    "statementMap": {
      "0": {
        "start": {
          "line": 6,
          "column": 20
        },
        "end": {
          "line": 40,
          "column": 1
        }
      },
      "1": {
        "start": {
          "line": 7,
          "column": 32
        },
        "end": {
          "line": 7,
          "column": 44
        }
      },
      "2": {
        "start": {
          "line": 8,
          "column": 26
        },
        "end": {
          "line": 8,
          "column": 38
        }
      },
      "3": {
        "start": {
          "line": 10,
          "column": 23
        },
        "end": {
          "line": 23,
          "column": 3
        }
      },
      "4": {
        "start": {
          "line": 11,
          "column": 4
        },
        "end": {
          "line": 22,
          "column": 5
        }
      },
      "5": {
        "start": {
          "line": 12,
          "column": 22
        },
        "end": {
          "line": 12,
          "column": 23
        }
      },
      "6": {
        "start": {
          "line": 13,
          "column": 22
        },
        "end": {
          "line": 18,
          "column": 7
        }
      },
      "7": {
        "start": {
          "line": 19,
          "column": 28
        },
        "end": {
          "line": 19,
          "column": 76
        }
      },
      "8": {
        "start": {
          "line": 20,
          "column": 6
        },
        "end": {
          "line": 20,
          "column": 30
        }
      },
      "9": {
        "start": {
          "line": 21,
          "column": 6
        },
        "end": {
          "line": 21,
          "column": 20
        }
      },
      "10": {
        "start": {
          "line": 25,
          "column": 2
        },
        "end": {
          "line": 39,
          "column": 3
        }
      },
      "11": {
        "start": {
          "line": 29,
          "column": 10
        },
        "end": {
          "line": 29,
          "column": 28
        }
      }
    },
    "fnMap": {
      "0": {
        "name": "(anonymous_0)",
        "decl": {
          "start": {
            "line": 6,
            "column": 20
          },
          "end": {
            "line": 6,
            "column": 21
          }
        },
        "loc": {
          "start": {
            "line": 6,
            "column": 47
          },
          "end": {
            "line": 40,
            "column": 1
          }
        },
        "line": 6
      },
      "1": {
        "name": "(anonymous_1)",
        "decl": {
          "start": {
            "line": 10,
            "column": 23
          },
          "end": {
            "line": 10,
            "column": 24
          }
        },
        "loc": {
          "start": {
            "line": 10,
            "column": 38
          },
          "end": {
            "line": 23,
            "column": 3
          }
        },
        "line": 10
      },
      "2": {
        "name": "(anonymous_2)",
        "decl": {
          "start": {
            "line": 28,
            "column": 18
          },
          "end": {
            "line": 28,
            "column": 19
          }
        },
        "loc": {
          "start": {
            "line": 28,
            "column": 23
          },
          "end": {
            "line": 30,
            "column": 9
          }
        },
        "line": 28
      }
    },
    "branchMap": {
      "0": {
        "loc": {
          "start": {
            "line": 11,
            "column": 4
          },
          "end": {
            "line": 22,
            "column": 5
          }
        },
        "type": "if",
        "locations": [
          {
            "start": {
              "line": 11,
              "column": 4
            },
            "end": {
              "line": 22,
              "column": 5
            }
          },
          {
            "start": {
              "line": 11,
              "column": 4
            },
            "end": {
              "line": 22,
              "column": 5
            }
          }
        ],
        "line": 11
      },
      "1": {
        "loc": {
          "start": {
            "line": 11,
            "column": 8
          },
          "end": {
            "line": 11,
            "column": 43
          }
        },
        "type": "binary-expr",
        "locations": [
          {
            "start": {
              "line": 11,
              "column": 8
            },
            "end": {
              "line": 11,
              "column": 21
            }
          },
          {
            "start": {
              "line": 11,
              "column": 25
            },
            "end": {
              "line": 11,
              "column": 43
            }
          }
        ],
        "line": 11
      }
    },
    "s": {
      "0": 15,
      "1": 168,
      "2": 168,
      "3": 168,
      "4": 5,
      "5": 5,
      "6": 5,
      "7": 4,
      "8": 4,
      "9": 4,
      "10": 168,
      "11": 5
    },
    "f": {
      "0": 168,
      "1": 5,
      "2": 5
    },
    "b": {
      "0": [
        5,
        0
      ],
      "1": [
        5,
        5
      ]
    },
    "_coverageSchema": "43e27e138ebf9cfc5966b082cf9a028302ed4184",
    "hash": "1db762cdba2ea6b0f02840c167cb73b2765c220d"
  },
  "C:\\Users\\Riku\\Civilized-Discussion-Forum\\frontend\\src\\components\\presentationals\\SingleThread.js": {
    "path": "C:\\Users\\Riku\\Civilized-Discussion-Forum\\frontend\\src\\components\\presentationals\\SingleThread.js",
    "statementMap": {
      "0": {
        "start": {
          "line": 7,
          "column": 21
        },
        "end": {
          "line": 29,
          "column": 1
        }
      },
      "1": {
        "start": {
          "line": 8,
          "column": 30
        },
        "end": {
          "line": 8,
          "column": 40
        }
      },
      "2": {
        "start": {
          "line": 9,
          "column": 27
        },
        "end": {
          "line": 9,
          "column": 38
        }
      },
      "3": {
        "start": {
          "line": 11,
          "column": 2
        },
        "end": {
          "line": 17,
          "column": 8
        }
      },
      "4": {
        "start": {
          "line": 12,
          "column": 24
        },
        "end": {
          "line": 15,
          "column": 5
        }
      },
      "5": {
        "start": {
          "line": 13,
          "column": 19
        },
        "end": {
          "line": 13,
          "column": 68
        }
      },
      "6": {
        "start": {
          "line": 14,
          "column": 6
        },
        "end": {
          "line": 14,
          "column": 21
        }
      },
      "7": {
        "start": {
          "line": 16,
          "column": 4
        },
        "end": {
          "line": 16,
          "column": 17
        }
      },
      "8": {
        "start": {
          "line": 19,
          "column": 2
        },
        "end": {
          "line": 21,
          "column": 3
        }
      },
      "9": {
        "start": {
          "line": 20,
          "column": 4
        },
        "end": {
          "line": 20,
          "column": 29
        }
      },
      "10": {
        "start": {
          "line": 23,
          "column": 2
        },
        "end": {
          "line": 28,
          "column": 3
        }
      }
    },
    "fnMap": {
      "0": {
        "name": "(anonymous_0)",
        "decl": {
          "start": {
            "line": 7,
            "column": 21
          },
          "end": {
            "line": 7,
            "column": 22
          }
        },
        "loc": {
          "start": {
            "line": 7,
            "column": 27
          },
          "end": {
            "line": 29,
            "column": 1
          }
        },
        "line": 7
      },
      "1": {
        "name": "(anonymous_1)",
        "decl": {
          "start": {
            "line": 11,
            "column": 12
          },
          "end": {
            "line": 11,
            "column": 13
          }
        },
        "loc": {
          "start": {
            "line": 11,
            "column": 18
          },
          "end": {
            "line": 17,
            "column": 3
          }
        },
        "line": 11
      },
      "2": {
        "name": "(anonymous_2)",
        "decl": {
          "start": {
            "line": 12,
            "column": 24
          },
          "end": {
            "line": 12,
            "column": 25
          }
        },
        "loc": {
          "start": {
            "line": 12,
            "column": 36
          },
          "end": {
            "line": 15,
            "column": 5
          }
        },
        "line": 12
      }
    },
    "branchMap": {
      "0": {
        "loc": {
          "start": {
            "line": 19,
            "column": 2
          },
          "end": {
            "line": 21,
            "column": 3
          }
        },
        "type": "if",
        "locations": [
          {
            "start": {
              "line": 19,
              "column": 2
            },
            "end": {
              "line": 21,
              "column": 3
            }
          },
          {
            "start": {
              "line": 19,
              "column": 2
            },
            "end": {
              "line": 21,
              "column": 3
            }
          }
        ],
        "line": 19
      }
    },
    "s": {
      "0": 15,
      "1": 14,
      "2": 14,
      "3": 14,
      "4": 5,
      "5": 5,
      "6": 5,
      "7": 5,
      "8": 14,
      "9": 5,
      "10": 9
    },
    "f": {
      "0": 14,
      "1": 5,
      "2": 5
    },
    "b": {
      "0": [
        5,
        9
      ]
    },
    "_coverageSchema": "43e27e138ebf9cfc5966b082cf9a028302ed4184",
    "hash": "34b7655c726d9a832d8ebc2109adea9289eb1b34"
  },
  "C:\\Users\\Riku\\Civilized-Discussion-Forum\\frontend\\src\\components\\presentationals\\Header.js": {
    "path": "C:\\Users\\Riku\\Civilized-Discussion-Forum\\frontend\\src\\components\\presentationals\\Header.js",
    "statementMap": {
      "0": {
        "start": {
          "line": 3,
          "column": 15
        },
        "end": {
          "line": 9,
          "column": 1
        }
      },
      "1": {
        "start": {
          "line": 4,
          "column": 2
        },
        "end": {
          "line": 8,
          "column": 3
        }
      }
    },
    "fnMap": {
      "0": {
        "name": "(anonymous_0)",
        "decl": {
          "start": {
            "line": 3,
            "column": 15
          },
          "end": {
            "line": 3,
            "column": 16
          }
        },
        "loc": {
          "start": {
            "line": 3,
            "column": 21
          },
          "end": {
            "line": 9,
            "column": 1
          }
        },
        "line": 3
      }
    },
    "branchMap": {},
    "s": {
      "0": 15,
      "1": 15
    },
    "f": {
      "0": 15
    },
    "b": {},
    "_coverageSchema": "43e27e138ebf9cfc5966b082cf9a028302ed4184",
    "hash": "389717d3f2262465a082939b286a6cc1c66eb872"
  },
  "C:\\Users\\Riku\\Civilized-Discussion-Forum\\frontend\\src\\components\\presentationals\\homeView.js": {
    "path": "C:\\Users\\Riku\\Civilized-Discussion-Forum\\frontend\\src\\components\\presentationals\\homeView.js",
    "statementMap": {
      "0": {
        "start": {
          "line": 3,
          "column": 17
        },
        "end": {
          "line": 10,
          "column": 1
        }
      },
      "1": {
        "start": {
          "line": 4,
          "column": 2
        },
        "end": {
          "line": 9,
          "column": 3
        }
      }
    },
    "fnMap": {
      "0": {
        "name": "(anonymous_0)",
        "decl": {
          "start": {
            "line": 3,
            "column": 17
          },
          "end": {
            "line": 3,
            "column": 18
          }
        },
        "loc": {
          "start": {
            "line": 3,
            "column": 23
          },
          "end": {
            "line": 10,
            "column": 1
          }
        },
        "line": 3
      }
    },
    "branchMap": {},
    "s": {
      "0": 15,
      "1": 15
    },
    "f": {
      "0": 15
    },
    "b": {},
    "_coverageSchema": "43e27e138ebf9cfc5966b082cf9a028302ed4184",
    "hash": "348ca8c75b78b476d2023b6f5725b790eee5b9f0"
  },
  "C:\\Users\\Riku\\Civilized-Discussion-Forum\\frontend\\src\\App.js": {
    "path": "C:\\Users\\Riku\\Civilized-Discussion-Forum\\frontend\\src\\App.js",
    "statementMap": {
      "0": {
        "start": {
          "line": 10,
          "column": 25
        },
        "end": {
          "line": 10,
          "column": 60
        }
      },
      "1": {
        "start": {
          "line": 12,
          "column": 12
        },
        "end": {
          "line": 27,
          "column": 1
        }
      },
      "2": {
        "start": {
          "line": 13,
          "column": 2
        },
        "end": {
          "line": 26,
          "column": 3
        }
      }
    },
    "fnMap": {
      "0": {
        "name": "(anonymous_0)",
        "decl": {
          "start": {
            "line": 12,
            "column": 12
          },
          "end": {
            "line": 12,
            "column": 13
          }
        },
        "loc": {
          "start": {
            "line": 12,
            "column": 18
          },
          "end": {
            "line": 27,
            "column": 1
          }
        },
        "line": 12
      }
    },
    "branchMap": {},
    "s": {
      "0": 15,
      "1": 15,
      "2": 15
    },
    "f": {
      "0": 15
    },
    "b": {},
    "_coverageSchema": "43e27e138ebf9cfc5966b082cf9a028302ed4184",
    "hash": "78a62b0951cade0a37e1cbf645822d436e97d8e5"
  },
  "C:\\Users\\Riku\\Civilized-Discussion-Forum\\frontend\\src\\index.js": {
    "path": "C:\\Users\\Riku\\Civilized-Discussion-Forum\\frontend\\src\\index.js",
    "statementMap": {
      "0": {
        "start": {
          "line": 12,
          "column": 16
        },
        "end": {
          "line": 14,
          "column": 2
        }
      },
      "1": {
        "start": {
          "line": 16,
          "column": 14
        },
        "end": {
          "line": 16,
          "column": 34
        }
      },
      "2": {
        "start": {
          "line": 18,
          "column": 0
        },
        "end": {
          "line": 24,
          "column": 35
        }
      }
    },
    "fnMap": {},
    "branchMap": {},
    "s": {
      "0": 15,
      "1": 15,
      "2": 15
    },
    "f": {},
    "b": {},
    "_coverageSchema": "43e27e138ebf9cfc5966b082cf9a028302ed4184",
    "hash": "ec2e04398faa9f921715648583460f17b0ef680b"
  }
}